2025-04-05 10:15:14,668 [Worker-8: Loading available Gradle versions] INFO  o.e.b.c.i.u.g.PublishedGradleVersions - Gradle version information cache is up-to-date. Trying to read.
2025-04-05 10:15:56,774 [Worker-6: Loading available Gradle versions] INFO  o.e.b.c.i.u.g.PublishedGradleVersions - Gradle version information cache is up-to-date. Trying to read.
2025-04-05 10:37:24,835 [Worker-23: Launching mavenrun-7cf8e232-05f7-4ac8-83ad-866905b89e93] INFO  o.eclipse.m2e.core.internal.Bundles - getClasspathEntries(Bundle=org.eclipse.m2e.maven.runtime_3.8.604.20221130-2149 [605])
2025-04-05 10:37:24,863 [Worker-23: Launching mavenrun-7cf8e232-05f7-4ac8-83ad-866905b89e93] INFO  o.eclipse.m2e.core.internal.Bundles - 	Entry: C:\Users\asus\.p2\pool\plugins\org.eclipse.m2e.maven.runtime_3.8.604.20221130-2149
2025-04-05 10:37:24,864 [Worker-23: Launching mavenrun-7cf8e232-05f7-4ac8-83ad-866905b89e93] INFO  o.eclipse.m2e.core.internal.Bundles - 	Entry: C:\Users\asus\.p2\pool\plugins\org.eclipse.m2e.maven.runtime_3.8.604.20221130-2149\jars\aether-connector-okhttp-0.17.8.jar
2025-04-05 10:37:24,864 [Worker-23: Launching mavenrun-7cf8e232-05f7-4ac8-83ad-866905b89e93] INFO  o.eclipse.m2e.core.internal.Bundles - 	Entry: C:\Users\asus\.p2\pool\plugins\org.eclipse.m2e.maven.runtime_3.8.604.20221130-2149\jars\commons-cli-1.4.jar
2025-04-05 10:37:24,865 [Worker-23: Launching mavenrun-7cf8e232-05f7-4ac8-83ad-866905b89e93] INFO  o.eclipse.m2e.core.internal.Bundles - 	Entry: C:\Users\asus\.p2\pool\plugins\org.eclipse.m2e.maven.runtime_3.8.604.20221130-2149\jars\commons-io-2.6.jar
2025-04-05 10:37:24,865 [Worker-23: Launching mavenrun-7cf8e232-05f7-4ac8-83ad-866905b89e93] INFO  o.eclipse.m2e.core.internal.Bundles - 	Entry: C:\Users\asus\.p2\pool\plugins\org.eclipse.m2e.maven.runtime_3.8.604.20221130-2149\jars\commons-lang3-3.8.1.jar
2025-04-05 10:37:24,865 [Worker-23: Launching mavenrun-7cf8e232-05f7-4ac8-83ad-866905b89e93] INFO  o.eclipse.m2e.core.internal.Bundles - 	Entry: C:\Users\asus\.p2\pool\plugins\org.eclipse.m2e.maven.runtime_3.8.604.20221130-2149\jars\guice-4.2.2-no_aop.jar
2025-04-05 10:37:24,865 [Worker-23: Launching mavenrun-7cf8e232-05f7-4ac8-83ad-866905b89e93] INFO  o.eclipse.m2e.core.internal.Bundles - 	Entry: C:\Users\asus\.p2\pool\plugins\org.eclipse.m2e.maven.runtime_3.8.604.20221130-2149\jars\jansi-2.4.0.jar
2025-04-05 10:37:24,865 [Worker-23: Launching mavenrun-7cf8e232-05f7-4ac8-83ad-866905b89e93] INFO  o.eclipse.m2e.core.internal.Bundles - 	Entry: C:\Users\asus\.p2\pool\plugins\org.eclipse.m2e.maven.runtime_3.8.604.20221130-2149\jars\maven-artifact-3.8.6.jar
2025-04-05 10:37:24,866 [Worker-23: Launching mavenrun-7cf8e232-05f7-4ac8-83ad-866905b89e93] INFO  o.eclipse.m2e.core.internal.Bundles - 	Entry: C:\Users\asus\.p2\pool\plugins\org.eclipse.m2e.maven.runtime_3.8.604.20221130-2149\jars\maven-builder-support-3.8.6.jar
2025-04-05 10:37:24,866 [Worker-23: Launching mavenrun-7cf8e232-05f7-4ac8-83ad-866905b89e93] INFO  o.eclipse.m2e.core.internal.Bundles - 	Entry: C:\Users\asus\.p2\pool\plugins\org.eclipse.m2e.maven.runtime_3.8.604.20221130-2149\jars\maven-compat-3.8.6.jar
2025-04-05 10:37:24,866 [Worker-23: Launching mavenrun-7cf8e232-05f7-4ac8-83ad-866905b89e93] INFO  o.eclipse.m2e.core.internal.Bundles - 	Entry: C:\Users\asus\.p2\pool\plugins\org.eclipse.m2e.maven.runtime_3.8.604.20221130-2149\jars\maven-core-3.8.6.jar
2025-04-05 10:37:24,866 [Worker-23: Launching mavenrun-7cf8e232-05f7-4ac8-83ad-866905b89e93] INFO  o.eclipse.m2e.core.internal.Bundles - 	Entry: C:\Users\asus\.p2\pool\plugins\org.eclipse.m2e.maven.runtime_3.8.604.20221130-2149\jars\maven-embedder-3.8.6.jar
2025-04-05 10:37:24,866 [Worker-23: Launching mavenrun-7cf8e232-05f7-4ac8-83ad-866905b89e93] INFO  o.eclipse.m2e.core.internal.Bundles - 	Entry: C:\Users\asus\.p2\pool\plugins\org.eclipse.m2e.maven.runtime_3.8.604.20221130-2149\jars\maven-model-3.8.6.jar
2025-04-05 10:37:24,866 [Worker-23: Launching mavenrun-7cf8e232-05f7-4ac8-83ad-866905b89e93] INFO  o.eclipse.m2e.core.internal.Bundles - 	Entry: C:\Users\asus\.p2\pool\plugins\org.eclipse.m2e.maven.runtime_3.8.604.20221130-2149\jars\maven-model-builder-3.8.6.jar
2025-04-05 10:37:24,867 [Worker-23: Launching mavenrun-7cf8e232-05f7-4ac8-83ad-866905b89e93] INFO  o.eclipse.m2e.core.internal.Bundles - 	Entry: C:\Users\asus\.p2\pool\plugins\org.eclipse.m2e.maven.runtime_3.8.604.20221130-2149\jars\maven-plugin-api-3.8.6.jar
2025-04-05 10:37:24,867 [Worker-23: Launching mavenrun-7cf8e232-05f7-4ac8-83ad-866905b89e93] INFO  o.eclipse.m2e.core.internal.Bundles - 	Entry: C:\Users\asus\.p2\pool\plugins\org.eclipse.m2e.maven.runtime_3.8.604.20221130-2149\jars\maven-repository-metadata-3.8.6.jar
2025-04-05 10:37:24,867 [Worker-23: Launching mavenrun-7cf8e232-05f7-4ac8-83ad-866905b89e93] INFO  o.eclipse.m2e.core.internal.Bundles - 	Entry: C:\Users\asus\.p2\pool\plugins\org.eclipse.m2e.maven.runtime_3.8.604.20221130-2149\jars\maven-resolver-api-1.6.3.jar
2025-04-05 10:37:24,867 [Worker-23: Launching mavenrun-7cf8e232-05f7-4ac8-83ad-866905b89e93] INFO  o.eclipse.m2e.core.internal.Bundles - 	Entry: C:\Users\asus\.p2\pool\plugins\org.eclipse.m2e.maven.runtime_3.8.604.20221130-2149\jars\maven-resolver-connector-basic-1.6.3.jar
2025-04-05 10:37:24,868 [Worker-23: Launching mavenrun-7cf8e232-05f7-4ac8-83ad-866905b89e93] INFO  o.eclipse.m2e.core.internal.Bundles - 	Entry: C:\Users\asus\.p2\pool\plugins\org.eclipse.m2e.maven.runtime_3.8.604.20221130-2149\jars\maven-resolver-impl-1.6.3.jar
2025-04-05 10:37:24,868 [Worker-23: Launching mavenrun-7cf8e232-05f7-4ac8-83ad-866905b89e93] INFO  o.eclipse.m2e.core.internal.Bundles - 	Entry: C:\Users\asus\.p2\pool\plugins\org.eclipse.m2e.maven.runtime_3.8.604.20221130-2149\jars\maven-resolver-provider-3.8.6.jar
2025-04-05 10:37:24,868 [Worker-23: Launching mavenrun-7cf8e232-05f7-4ac8-83ad-866905b89e93] INFO  o.eclipse.m2e.core.internal.Bundles - 	Entry: C:\Users\asus\.p2\pool\plugins\org.eclipse.m2e.maven.runtime_3.8.604.20221130-2149\jars\maven-resolver-spi-1.6.3.jar
2025-04-05 10:37:24,868 [Worker-23: Launching mavenrun-7cf8e232-05f7-4ac8-83ad-866905b89e93] INFO  o.eclipse.m2e.core.internal.Bundles - 	Entry: C:\Users\asus\.p2\pool\plugins\org.eclipse.m2e.maven.runtime_3.8.604.20221130-2149\jars\maven-resolver-transport-wagon-1.6.3.jar
2025-04-05 10:37:24,868 [Worker-23: Launching mavenrun-7cf8e232-05f7-4ac8-83ad-866905b89e93] INFO  o.eclipse.m2e.core.internal.Bundles - 	Entry: C:\Users\asus\.p2\pool\plugins\org.eclipse.m2e.maven.runtime_3.8.604.20221130-2149\jars\maven-resolver-util-1.6.3.jar
2025-04-05 10:37:24,868 [Worker-23: Launching mavenrun-7cf8e232-05f7-4ac8-83ad-866905b89e93] INFO  o.eclipse.m2e.core.internal.Bundles - 	Entry: C:\Users\asus\.p2\pool\plugins\org.eclipse.m2e.maven.runtime_3.8.604.20221130-2149\jars\maven-settings-3.8.6.jar
2025-04-05 10:37:24,868 [Worker-23: Launching mavenrun-7cf8e232-05f7-4ac8-83ad-866905b89e93] INFO  o.eclipse.m2e.core.internal.Bundles - 	Entry: C:\Users\asus\.p2\pool\plugins\org.eclipse.m2e.maven.runtime_3.8.604.20221130-2149\jars\maven-settings-builder-3.8.6.jar
2025-04-05 10:37:24,869 [Worker-23: Launching mavenrun-7cf8e232-05f7-4ac8-83ad-866905b89e93] INFO  o.eclipse.m2e.core.internal.Bundles - 	Entry: C:\Users\asus\.p2\pool\plugins\org.eclipse.m2e.maven.runtime_3.8.604.20221130-2149\jars\maven-shared-utils-3.3.4.jar
2025-04-05 10:37:24,869 [Worker-23: Launching mavenrun-7cf8e232-05f7-4ac8-83ad-866905b89e93] INFO  o.eclipse.m2e.core.internal.Bundles - 	Entry: C:\Users\asus\.p2\pool\plugins\org.eclipse.m2e.maven.runtime_3.8.604.20221130-2149\jars\okhttp-3.14.1.jar
2025-04-05 10:37:24,869 [Worker-23: Launching mavenrun-7cf8e232-05f7-4ac8-83ad-866905b89e93] INFO  o.eclipse.m2e.core.internal.Bundles - 	Entry: C:\Users\asus\.p2\pool\plugins\org.eclipse.m2e.maven.runtime_3.8.604.20221130-2149\jars\okio-1.17.3.jar
2025-04-05 10:37:24,869 [Worker-23: Launching mavenrun-7cf8e232-05f7-4ac8-83ad-866905b89e93] INFO  o.eclipse.m2e.core.internal.Bundles - 	Entry: C:\Users\asus\.p2\pool\plugins\org.eclipse.m2e.maven.runtime_3.8.604.20221130-2149\jars\org.eclipse.sisu.inject-0.3.5.jar
2025-04-05 10:37:24,869 [Worker-23: Launching mavenrun-7cf8e232-05f7-4ac8-83ad-866905b89e93] INFO  o.eclipse.m2e.core.internal.Bundles - 	Entry: C:\Users\asus\.p2\pool\plugins\org.eclipse.m2e.maven.runtime_3.8.604.20221130-2149\jars\org.eclipse.sisu.plexus-0.3.5.jar
2025-04-05 10:37:24,870 [Worker-23: Launching mavenrun-7cf8e232-05f7-4ac8-83ad-866905b89e93] INFO  o.eclipse.m2e.core.internal.Bundles - 	Entry: C:\Users\asus\.p2\pool\plugins\org.eclipse.m2e.maven.runtime_3.8.604.20221130-2149\jars\plexus-build-api-0.0.7.jar
2025-04-05 10:37:24,870 [Worker-23: Launching mavenrun-7cf8e232-05f7-4ac8-83ad-866905b89e93] INFO  o.eclipse.m2e.core.internal.Bundles - 	Entry: C:\Users\asus\.p2\pool\plugins\org.eclipse.m2e.maven.runtime_3.8.604.20221130-2149\jars\plexus-cipher-2.0.jar
2025-04-05 10:37:24,870 [Worker-23: Launching mavenrun-7cf8e232-05f7-4ac8-83ad-866905b89e93] INFO  o.eclipse.m2e.core.internal.Bundles - 	Entry: C:\Users\asus\.p2\pool\plugins\org.eclipse.m2e.maven.runtime_3.8.604.20221130-2149\jars\plexus-classworlds-2.6.0.jar
2025-04-05 10:37:24,870 [Worker-23: Launching mavenrun-7cf8e232-05f7-4ac8-83ad-866905b89e93] INFO  o.eclipse.m2e.core.internal.Bundles - 	Entry: C:\Users\asus\.p2\pool\plugins\org.eclipse.m2e.maven.runtime_3.8.604.20221130-2149\jars\plexus-component-annotations-2.1.0.jar
2025-04-05 10:37:24,870 [Worker-23: Launching mavenrun-7cf8e232-05f7-4ac8-83ad-866905b89e93] INFO  o.eclipse.m2e.core.internal.Bundles - 	Entry: C:\Users\asus\.p2\pool\plugins\org.eclipse.m2e.maven.runtime_3.8.604.20221130-2149\jars\plexus-interpolation-1.26.jar
2025-04-05 10:37:24,871 [Worker-23: Launching mavenrun-7cf8e232-05f7-4ac8-83ad-866905b89e93] INFO  o.eclipse.m2e.core.internal.Bundles - 	Entry: C:\Users\asus\.p2\pool\plugins\org.eclipse.m2e.maven.runtime_3.8.604.20221130-2149\jars\plexus-sec-dispatcher-2.0.jar
2025-04-05 10:37:24,871 [Worker-23: Launching mavenrun-7cf8e232-05f7-4ac8-83ad-866905b89e93] INFO  o.eclipse.m2e.core.internal.Bundles - 	Entry: C:\Users\asus\.p2\pool\plugins\org.eclipse.m2e.maven.runtime_3.8.604.20221130-2149\jars\plexus-utils-3.3.1.jar
2025-04-05 10:37:24,871 [Worker-23: Launching mavenrun-7cf8e232-05f7-4ac8-83ad-866905b89e93] INFO  o.eclipse.m2e.core.internal.Bundles - 	Entry: C:\Users\asus\.p2\pool\plugins\org.eclipse.m2e.maven.runtime_3.8.604.20221130-2149\jars\wagon-file-3.5.1.jar
2025-04-05 10:37:24,871 [Worker-23: Launching mavenrun-7cf8e232-05f7-4ac8-83ad-866905b89e93] INFO  o.eclipse.m2e.core.internal.Bundles - 	Entry: C:\Users\asus\.p2\pool\plugins\org.eclipse.m2e.maven.runtime_3.8.604.20221130-2149\jars\wagon-provider-api-3.5.1.jar
2025-04-05 10:37:24,874 [Worker-23: Launching mavenrun-7cf8e232-05f7-4ac8-83ad-866905b89e93] INFO  o.eclipse.m2e.core.internal.Bundles - getClasspathEntries(Bundle=com.google.guava_30.1.0.v20221112-0806 [10])
2025-04-05 10:37:24,876 [Worker-23: Launching mavenrun-7cf8e232-05f7-4ac8-83ad-866905b89e93] INFO  o.eclipse.m2e.core.internal.Bundles - 	Entry: C:\Users\asus\.p2\pool\plugins\com.google.guava_30.1.0.v20221112-0806.jar
2025-04-05 10:37:24,876 [Worker-23: Launching mavenrun-7cf8e232-05f7-4ac8-83ad-866905b89e93] INFO  o.eclipse.m2e.core.internal.Bundles - getClasspathEntries(Bundle=slf4j.api_1.7.36 [917])
2025-04-05 10:37:24,877 [Worker-23: Launching mavenrun-7cf8e232-05f7-4ac8-83ad-866905b89e93] INFO  o.eclipse.m2e.core.internal.Bundles - 	Entry: C:\Users\asus\.p2\pool\plugins\slf4j.api_1.7.36.jar
2025-04-05 10:37:24,877 [Worker-23: Launching mavenrun-7cf8e232-05f7-4ac8-83ad-866905b89e93] INFO  o.eclipse.m2e.core.internal.Bundles - getClasspathEntries(Bundle=javax.inject_1.0.0.v20220405-0441 [32])
2025-04-05 10:37:24,879 [Worker-23: Launching mavenrun-7cf8e232-05f7-4ac8-83ad-866905b89e93] INFO  o.eclipse.m2e.core.internal.Bundles - 	Entry: C:\Users\asus\.p2\pool\plugins\javax.inject_1.0.0.v20220405-0441.jar
2025-04-05 10:37:24,879 [Worker-23: Launching mavenrun-7cf8e232-05f7-4ac8-83ad-866905b89e93] INFO  o.eclipse.m2e.core.internal.Bundles - getClasspathEntries(Bundle=javax.annotation_1.3.5.v20221112-0806 [30])
2025-04-05 10:37:24,881 [Worker-23: Launching mavenrun-7cf8e232-05f7-4ac8-83ad-866905b89e93] INFO  o.eclipse.m2e.core.internal.Bundles - 	Entry: C:\Users\asus\.p2\pool\plugins\javax.annotation_1.3.5.v20221112-0806.jar
2025-04-05 10:37:24,892 [Worker-23: Launching mavenrun-7cf8e232-05f7-4ac8-83ad-866905b89e93] INFO  o.e.m.i.launch.MavenLaunchDelegate - Run build in "C:\Users\asus\AppData\Local\Temp\m2e-archetypeGenerator12487796943065478409":
2025-04-05 10:37:24,898 [Worker-23: Launching mavenrun-7cf8e232-05f7-4ac8-83ad-866905b89e93] INFO  o.e.m.i.launch.MavenLaunchDelegate -  mvn  -DarchetypeGroupId=org.apache.maven.archetypes -DarchetypeArtifactId=maven-archetype-webapp -DarchetypeVersion=1.5 -DgroupId=com.ty -DartifactId=FirstServletProject -Dversion=0.0.1-SNAPSHOT -Dpackage=com.ty.FirstServletProject -DoutputDirectory=C:\Users\asus\Desktop\WeekEnd-M1 -Dstyle.color=always -U archetype:generate
2025-04-05 10:37:58,018 [Worker-24: Creating maven-archetype-webapp] INFO  o.e.m.c.i.p.ProjectConfigurationManager - Collecting project info '/pom.xml' C:\Users\asus\Desktop\WeekEnd-M1\FirstServletProject\pom.xml
2025-04-05 10:38:01,206 [Worker-24: Creating maven-archetype-webapp] INFO  o.e.m.c.i.l.LifecycleMappingFactory - Using org.maven.ide.eclipse.wtp.WarLifecycleMapping lifecycle mapping for MavenProject: com.ty:FirstServletProject:0.0.1-SNAPSHOT @ C:\Users\asus\Desktop\WeekEnd-M1\FirstServletProject\pom.xml.
2025-04-05 10:38:04,256 [Worker-24: Creating maven-archetype-webapp] INFO  o.e.m.j.i.AbstractJavaProjectConfigurator - Adding source folder /FirstServletProject/src/main/java
2025-04-05 10:38:04,257 [Worker-24: Creating maven-archetype-webapp] INFO  o.e.m.j.i.AbstractJavaProjectConfigurator - Adding source folder /FirstServletProject/src/test/java
2025-04-05 10:38:08,684 [Worker-24: Creating maven-archetype-webapp] INFO  o.e.m.c.i.p.ProjectConfigurationManager - Imported and configured 1 project(s) in 10 sec
2025-04-05 10:41:06,036 [Worker-16: Building] INFO  o.e.m.c.i.l.LifecycleMappingFactory - Using org.maven.ide.eclipse.wtp.WarLifecycleMapping lifecycle mapping for MavenProject: com.ty:FirstServletProject:0.0.1-SNAPSHOT @ C:\Users\asus\Desktop\WeekEnd-M1\FirstServletProject\pom.xml.
2025-04-05 10:41:06,250 [Worker-16: Building] INFO  o.a.m.s.f.DefaultMavenResourcesFiltering - skip non existing resourceDirectory C:\Users\asus\Desktop\WeekEnd-M1\FirstServletProject\src\main\resources
2025-04-05 10:41:06,255 [Worker-16: Building] INFO  o.a.m.s.f.DefaultMavenResourcesFiltering - skip non existing resourceDirectory C:\Users\asus\Desktop\WeekEnd-M1\FirstServletProject\src\test\resources
2025-04-05 10:41:06,256 [Worker-16: Building] INFO  o.e.m.w.i.f.ResourceFilteringBuildParticipant - Changed resources require a complete clean of filtered resources of FirstServletProject
2025-04-05 10:41:06,257 [Worker-16: Building] INFO  o.e.m.w.i.f.ResourceFilteringBuildParticipant - Executing resource filtering for FirstServletProject
2025-04-05 10:42:52,037 [Worker-29: Building] INFO  o.e.m.c.i.l.LifecycleMappingFactory - Using org.maven.ide.eclipse.wtp.WarLifecycleMapping lifecycle mapping for MavenProject: com.ty:FirstServletProject:0.0.1-SNAPSHOT @ C:\Users\asus\Desktop\WeekEnd-M1\FirstServletProject\pom.xml.
2025-04-05 10:42:52,236 [Worker-29: Building] INFO  o.a.m.s.f.DefaultMavenResourcesFiltering - skip non existing resourceDirectory C:\Users\asus\Desktop\WeekEnd-M1\FirstServletProject\src\main\resources
2025-04-05 10:42:52,240 [Worker-29: Building] INFO  o.a.m.s.f.DefaultMavenResourcesFiltering - skip non existing resourceDirectory C:\Users\asus\Desktop\WeekEnd-M1\FirstServletProject\src\test\resources
2025-04-05 10:42:52,241 [Worker-29: Building] INFO  o.e.m.w.i.f.ResourceFilteringBuildParticipant - Changed resources require a complete clean of filtered resources of FirstServletProject
2025-04-05 10:42:52,241 [Worker-29: Building] INFO  o.e.m.w.i.f.ResourceFilteringBuildParticipant - Executing resource filtering for FirstServletProject
2025-04-05 10:43:08,724 [Worker-30: Building] INFO  o.e.m.c.i.l.LifecycleMappingFactory - Using org.maven.ide.eclipse.wtp.WarLifecycleMapping lifecycle mapping for MavenProject: com.ty:FirstServletProject:0.0.1-SNAPSHOT @ C:\Users\asus\Desktop\WeekEnd-M1\FirstServletProject\pom.xml.
2025-04-05 10:43:08,865 [Worker-30: Building] INFO  o.a.m.s.f.DefaultMavenResourcesFiltering - skip non existing resourceDirectory C:\Users\asus\Desktop\WeekEnd-M1\FirstServletProject\src\main\resources
2025-04-05 10:43:08,870 [Worker-30: Building] INFO  o.a.m.s.f.DefaultMavenResourcesFiltering - skip non existing resourceDirectory C:\Users\asus\Desktop\WeekEnd-M1\FirstServletProject\src\test\resources
2025-04-05 10:43:08,870 [Worker-30: Building] INFO  o.e.m.w.i.f.ResourceFilteringBuildParticipant - Changed resources require a complete clean of filtered resources of FirstServletProject
2025-04-05 10:43:08,871 [Worker-30: Building] INFO  o.e.m.w.i.f.ResourceFilteringBuildParticipant - Executing resource filtering for FirstServletProject
2025-04-05 10:43:13,720 [Worker-26: Building] INFO  o.e.m.c.i.l.LifecycleMappingFactory - Using org.maven.ide.eclipse.wtp.WarLifecycleMapping lifecycle mapping for MavenProject: com.ty:FirstServletProject:0.0.1-SNAPSHOT @ C:\Users\asus\Desktop\WeekEnd-M1\FirstServletProject\pom.xml.
2025-04-05 10:43:13,872 [Worker-26: Building] INFO  o.a.m.s.f.DefaultMavenResourcesFiltering - skip non existing resourceDirectory C:\Users\asus\Desktop\WeekEnd-M1\FirstServletProject\src\main\resources
2025-04-05 10:43:13,877 [Worker-26: Building] INFO  o.a.m.s.f.DefaultMavenResourcesFiltering - skip non existing resourceDirectory C:\Users\asus\Desktop\WeekEnd-M1\FirstServletProject\src\test\resources
2025-04-05 10:43:13,878 [Worker-26: Building] INFO  o.e.m.w.i.f.ResourceFilteringBuildParticipant - Changed resources require a complete clean of filtered resources of FirstServletProject
2025-04-05 10:43:13,878 [Worker-26: Building] INFO  o.e.m.w.i.f.ResourceFilteringBuildParticipant - Executing resource filtering for FirstServletProject
2025-04-05 10:43:56,051 [Worker-31: Building] INFO  o.a.m.s.f.DefaultMavenResourcesFiltering - skip non existing resourceDirectory C:\Users\asus\Desktop\WeekEnd-M1\FirstServletProject\src\main\resources
2025-04-05 10:43:56,054 [Worker-31: Building] INFO  o.a.m.s.f.DefaultMavenResourcesFiltering - skip non existing resourceDirectory C:\Users\asus\Desktop\WeekEnd-M1\FirstServletProject\src\test\resources
2025-04-05 10:48:29,681 [Worker-33: Updating Maven Project] INFO  o.e.m.c.i.p.ProjectConfigurationManager - Update started
2025-04-05 10:48:29,767 [Worker-33: Updating Maven Project] INFO  o.e.m.c.i.l.LifecycleMappingFactory - Using org.maven.ide.eclipse.wtp.WarLifecycleMapping lifecycle mapping for MavenProject: com.ty:FirstServletProject:0.0.1-SNAPSHOT @ C:\Users\asus\Desktop\WeekEnd-M1\FirstServletProject\pom.xml.
2025-04-05 10:48:29,890 [Worker-33: Updating Maven Project] INFO  o.e.m.j.i.AbstractJavaProjectConfigurator - Adding source folder /FirstServletProject/src/main/java
2025-04-05 10:48:29,907 [Worker-33: Updating Maven Project] INFO  o.e.m.j.i.AbstractJavaProjectConfigurator - Adding source folder /FirstServletProject/src/test/java
2025-04-05 10:48:30,096 [Worker-33: Updating Maven Project] INFO  o.e.m.w.i.f.ResourceFilteringBuildParticipant - Cleaning filtered folder for FirstServletProject
2025-04-05 10:48:30,112 [Worker-33: Updating Maven Project] INFO  o.e.m.c.i.p.ProjectConfigurationManager - Update completed for 1 poms: local refresh takes 0.00 sec, refresh facades takes 0.00 sec, update config takes 0.00 sec 
2025-04-05 10:48:30,300 [Worker-28: Building] INFO  o.e.m.w.i.f.ResourceFilteringBuildParticipant - Changed resources require a complete clean of filtered resources of FirstServletProject
2025-04-05 10:48:30,300 [Worker-28: Building] INFO  o.e.m.w.i.f.ResourceFilteringBuildParticipant - Executing resource filtering for FirstServletProject
2025-04-05 10:51:41,735 [Worker-33: Building] INFO  o.a.m.s.f.DefaultMavenResourcesFiltering - skip non existing resourceDirectory C:\Users\asus\Desktop\WeekEnd-M1\FirstServletProject\src\main\resources
2025-04-05 10:51:41,741 [Worker-33: Building] INFO  o.a.m.s.f.DefaultMavenResourcesFiltering - skip non existing resourceDirectory C:\Users\asus\Desktop\WeekEnd-M1\FirstServletProject\src\test\resources
2025-04-05 10:52:08,714 [Worker-33: Building] INFO  o.a.m.s.f.DefaultMavenResourcesFiltering - skip non existing resourceDirectory C:\Users\asus\Desktop\WeekEnd-M1\FirstServletProject\src\main\resources
2025-04-05 10:52:08,717 [Worker-33: Building] INFO  o.a.m.s.f.DefaultMavenResourcesFiltering - skip non existing resourceDirectory C:\Users\asus\Desktop\WeekEnd-M1\FirstServletProject\src\test\resources
2025-04-05 10:53:15,916 [Worker-40: Building] INFO  o.a.m.s.f.DefaultMavenResourcesFiltering - skip non existing resourceDirectory C:\Users\asus\Desktop\WeekEnd-M1\FirstServletProject\src\main\resources
2025-04-05 10:53:15,919 [Worker-40: Building] INFO  o.a.m.s.f.DefaultMavenResourcesFiltering - skip non existing resourceDirectory C:\Users\asus\Desktop\WeekEnd-M1\FirstServletProject\src\test\resources
2025-04-05 10:53:45,366 [Worker-34: Building] INFO  o.a.m.s.f.DefaultMavenResourcesFiltering - skip non existing resourceDirectory C:\Users\asus\Desktop\WeekEnd-M1\FirstServletProject\src\main\resources
2025-04-05 10:53:45,369 [Worker-34: Building] INFO  o.a.m.s.f.DefaultMavenResourcesFiltering - skip non existing resourceDirectory C:\Users\asus\Desktop\WeekEnd-M1\FirstServletProject\src\test\resources
2025-04-05 10:59:07,691 [Worker-39: Building] INFO  o.a.m.s.f.DefaultMavenResourcesFiltering - skip non existing resourceDirectory C:\Users\asus\Desktop\WeekEnd-M1\FirstServletProject\src\main\resources
2025-04-05 10:59:07,693 [Worker-39: Building] INFO  o.a.m.s.f.DefaultMavenResourcesFiltering - skip non existing resourceDirectory C:\Users\asus\Desktop\WeekEnd-M1\FirstServletProject\src\test\resources
2025-04-05 10:59:27,919 [Worker-42: Building] INFO  o.a.m.s.f.DefaultMavenResourcesFiltering - skip non existing resourceDirectory C:\Users\asus\Desktop\WeekEnd-M1\FirstServletProject\src\main\resources
2025-04-05 10:59:27,922 [Worker-42: Building] INFO  o.a.m.s.f.DefaultMavenResourcesFiltering - skip non existing resourceDirectory C:\Users\asus\Desktop\WeekEnd-M1\FirstServletProject\src\test\resources
2025-04-05 11:09:57,064 [Worker-44: Building] INFO  o.a.m.s.f.DefaultMavenResourcesFiltering - skip non existing resourceDirectory C:\Users\asus\Desktop\WeekEnd-M1\FirstServletProject\src\main\resources
2025-04-05 11:09:57,067 [Worker-44: Building] INFO  o.a.m.s.f.DefaultMavenResourcesFiltering - skip non existing resourceDirectory C:\Users\asus\Desktop\WeekEnd-M1\FirstServletProject\src\test\resources
2025-04-05 11:10:10,210 [Worker-44: Building] INFO  o.a.m.s.f.DefaultMavenResourcesFiltering - skip non existing resourceDirectory C:\Users\asus\Desktop\WeekEnd-M1\FirstServletProject\src\main\resources
2025-04-05 11:10:10,212 [Worker-44: Building] INFO  o.a.m.s.f.DefaultMavenResourcesFiltering - skip non existing resourceDirectory C:\Users\asus\Desktop\WeekEnd-M1\FirstServletProject\src\test\resources
2025-04-05 11:13:02,854 [Worker-42: Building] INFO  o.a.m.s.f.DefaultMavenResourcesFiltering - skip non existing resourceDirectory C:\Users\asus\Desktop\WeekEnd-M1\FirstServletProject\src\main\resources
2025-04-05 11:13:02,857 [Worker-42: Building] INFO  o.a.m.s.f.DefaultMavenResourcesFiltering - skip non existing resourceDirectory C:\Users\asus\Desktop\WeekEnd-M1\FirstServletProject\src\test\resources
